<?xml version="1.0" encoding="UTF-8"?>
<testsuite name="summer.SummerUtilTest" tests="2" skipped="0" failures="0" errors="0" timestamp="2023-07-31T10:14:13" hostname="DESKTOP-LC2474E" time="0.043">
  <properties/>
  <testcase name="sholdWordCorrectlyWhenSunTwoNumber()" classname="summer.SummerUtilTest" time="0.041"/>
  <testcase name="sholdSumNegativeNumbers()" classname="summer.SummerUtilTest" time="0.001"/>
  <system-out><![CDATA[]]></system-out>
  <system-err><![CDATA[]]></system-err>
</testsuite>
